C:\USERS\USER\DESKTOP\DOCENCIA\IG\GCO (MáSTER) 15-16\ESQUELETOS\FREEGLUT PROJECT 3D (2012)\FREEGLUT PROJECT 3D\DEBUG\MAIN.OBJ
C:\USERS\USER\DESKTOP\DOCENCIA\IG\GCO (MÁSTER) 15-16\ESQUELETOS\FREEGLUT PROJECT 3D (2012)\FREEGLUT PROJECT 3D\DEBUG\VC110.PDB
C:\USERS\USER\DESKTOP\DOCENCIA\IG\GCO (MáSTER) 15-16\ESQUELETOS\FREEGLUT PROJECT 3D (2012)\DEBUG\FREEGLUT PROJECT 3D.ILK
C:\USERS\USER\DESKTOP\DOCENCIA\IG\GCO (MáSTER) 15-16\ESQUELETOS\FREEGLUT PROJECT 3D (2012)\DEBUG\FREEGLUT PROJECT 3D.EXE
C:\USERS\USER\DESKTOP\DOCENCIA\IG\GCO (MÁSTER) 15-16\ESQUELETOS\FREEGLUT PROJECT 3D (2012)\DEBUG\FREEGLUT PROJECT 3D.PDB
C:\Users\user\Desktop\Docencia\IG\GCO (máster) 15-16\Esqueletos\freeglut project 3D (2012)\freeglut project 3D\Debug\main.obj
C:\Users\user\Desktop\Docencia\IG\GCO (máster) 15-16\Esqueletos\freeglut project 3D (2012)\freeglut project 3D\Debug\cl.command.1.tlog
C:\Users\user\Desktop\Docencia\IG\GCO (máster) 15-16\Esqueletos\freeglut project 3D (2012)\freeglut project 3D\Debug\CL.read.1.tlog
C:\Users\user\Desktop\Docencia\IG\GCO (máster) 15-16\Esqueletos\freeglut project 3D (2012)\freeglut project 3D\Debug\CL.write.1.tlog
C:\Users\user\Desktop\Docencia\IG\GCO (máster) 15-16\Esqueletos\freeglut project 3D (2012)\freeglut project 3D\Debug\link-cvtres.read.1.tlog
C:\Users\user\Desktop\Docencia\IG\GCO (máster) 15-16\Esqueletos\freeglut project 3D (2012)\freeglut project 3D\Debug\link-cvtres.write.1.tlog
C:\Users\user\Desktop\Docencia\IG\GCO (máster) 15-16\Esqueletos\freeglut project 3D (2012)\freeglut project 3D\Debug\link-rc.read.1.tlog
C:\Users\user\Desktop\Docencia\IG\GCO (máster) 15-16\Esqueletos\freeglut project 3D (2012)\freeglut project 3D\Debug\link-rc.write.1.tlog
C:\Users\user\Desktop\Docencia\IG\GCO (máster) 15-16\Esqueletos\freeglut project 3D (2012)\freeglut project 3D\Debug\link.command.1.tlog
C:\Users\user\Desktop\Docencia\IG\GCO (máster) 15-16\Esqueletos\freeglut project 3D (2012)\freeglut project 3D\Debug\link.read.1.tlog
C:\Users\user\Desktop\Docencia\IG\GCO (máster) 15-16\Esqueletos\freeglut project 3D (2012)\freeglut project 3D\Debug\link.write.1.tlog
C:\Users\user\Desktop\Docencia\IG\GCO (máster) 15-16\Esqueletos\freeglut project 3D (2012)\freeglut project 3D\Debug\vc110.idb
C:\Users\user\Desktop\Docencia\IG\GCO (máster) 15-16\Esqueletos\freeglut project 3D (2012)\freeglut project 3D\Debug\vc110.pdb
C:\Users\user\Desktop\Docencia\IG\GCO (máster) 15-16\Esqueletos\freeglut project 3D (2012)\Debug\freeglut project 3D.pdb
C:\Users\user\Desktop\Docencia\IG\GCO (máster) 15-16\Esqueletos\freeglut project 3D (2012)\Debug\freeglut project 3D.exe
C:\Users\user\Desktop\Docencia\IG\GCO (máster) 15-16\Esqueletos\freeglut project 3D (2012)\Debug\freeglut project 3D.ilk
