Compilación iniciada a las 20/09/2018 11:43:09.
     1>Proyecto "D:\3VIDEOJUEGOS\IG2\ig2\Esqueleto 3D (2013) con FreeGLUT\freeglut project 3D\freeglut project 3D.vcxproj" en el nodo 2 (Build destinos).
     1>ClCompile:
         C:\Program Files (x86)\Microsoft Visual Studio 12.0\VC\bin\CL.exe /c /I"D:\3VIDEOJUEGOS\IG2\ig2\Esqueleto 3D (2013) con FreeGLUT\freeglut\include\\" /ZI /nologo /W3 /WX- /Od /Oy- /D _MBCS /Gm /EHsc /RTC1 /MDd /GS /fp:precise /Zc:wchar_t /Zc:forScope /Fo"Debug\\" /Fd"Debug\vc120.pdb" /Gd /TP /analyze- /errorReport:prompt main.cpp
         main.cpp
     1>d:\3videojuegos\ig2\ig2\esqueleto 3d (2013) con freeglut\freeglut project 3d\main.cpp(148): warning C4244: 'argumento' : conversión de 'GLdouble' a 'float'; posible pérdida de datos
     1>d:\3videojuegos\ig2\ig2\esqueleto 3d (2013) con freeglut\freeglut project 3d\main.cpp(208): warning C4244: 'argumento' : conversión de 'double' a 'float'; posible pérdida de datos
     1>d:\3videojuegos\ig2\ig2\esqueleto 3d (2013) con freeglut\freeglut project 3d\main.cpp(209): warning C4244: 'argumento' : conversión de 'double' a 'GLfloat'; posible pérdida de datos
     1>d:\3videojuegos\ig2\ig2\esqueleto 3d (2013) con freeglut\freeglut project 3d\main.cpp(210): warning C4244: 'argumento' : conversión de 'double' a 'float'; posible pérdida de datos
     1>d:\3videojuegos\ig2\ig2\esqueleto 3d (2013) con freeglut\freeglut project 3d\main.cpp(218): warning C4244: 'argumento' : conversión de 'double' a 'float'; posible pérdida de datos
     1>d:\3videojuegos\ig2\ig2\esqueleto 3d (2013) con freeglut\freeglut project 3d\main.cpp(219): warning C4244: 'argumento' : conversión de 'double' a 'GLfloat'; posible pérdida de datos
     1>d:\3videojuegos\ig2\ig2\esqueleto 3d (2013) con freeglut\freeglut project 3d\main.cpp(220): warning C4244: 'argumento' : conversión de 'double' a 'float'; posible pérdida de datos
     1>d:\3videojuegos\ig2\ig2\esqueleto 3d (2013) con freeglut\freeglut project 3d\main.cpp(229): warning C4244: 'argumento' : conversión de 'double' a 'float'; posible pérdida de datos
     1>d:\3videojuegos\ig2\ig2\esqueleto 3d (2013) con freeglut\freeglut project 3d\main.cpp(230): warning C4244: 'argumento' : conversión de 'double' a 'GLfloat'; posible pérdida de datos
     1>d:\3videojuegos\ig2\ig2\esqueleto 3d (2013) con freeglut\freeglut project 3d\main.cpp(231): warning C4244: 'argumento' : conversión de 'double' a 'float'; posible pérdida de datos
     1>d:\3videojuegos\ig2\ig2\esqueleto 3d (2013) con freeglut\freeglut project 3d\main.cpp(241): warning C4244: 'argumento' : conversión de 'double' a 'float'; posible pérdida de datos
     1>d:\3videojuegos\ig2\ig2\esqueleto 3d (2013) con freeglut\freeglut project 3d\main.cpp(242): warning C4244: 'argumento' : conversión de 'double' a 'GLfloat'; posible pérdida de datos
     1>d:\3videojuegos\ig2\ig2\esqueleto 3d (2013) con freeglut\freeglut project 3d\main.cpp(243): warning C4244: 'argumento' : conversión de 'double' a 'float'; posible pérdida de datos
       Link:
         C:\Program Files (x86)\Microsoft Visual Studio 12.0\VC\bin\link.exe /ERRORREPORT:PROMPT /OUT:"D:\3VIDEOJUEGOS\IG2\ig2\Esqueleto 3D (2013) con FreeGLUT\Debug\freeglut project 3D.exe" /INCREMENTAL /NOLOGO /LIBPATH:"D:\3VIDEOJUEGOS\IG2\ig2\Esqueleto 3D (2013) con FreeGLUT\freeglut\lib\\" kernel32.lib user32.lib gdi32.lib winspool.lib comdlg32.lib advapi32.lib shell32.lib ole32.lib oleaut32.lib uuid.lib odbc32.lib odbccp32.lib /MANIFEST /MANIFESTUAC:"level='asInvoker' uiAccess='false'" /manifest:embed /DEBUG /PDB:"D:\3VIDEOJUEGOS\IG2\ig2\Esqueleto 3D (2013) con FreeGLUT\Debug\freeglut project 3D.pdb" /TLBID:1 /DYNAMICBASE /NXCOMPAT /IMPLIB:"D:\3VIDEOJUEGOS\IG2\ig2\Esqueleto 3D (2013) con FreeGLUT\Debug\freeglut project 3D.lib" /MACHINE:X86 Debug\Arbol.obj
         Debug\Cara.obj
         Debug\Cilindro.obj
         Debug\Coche.obj
         Debug\Copa.obj
         Debug\Cubo.obj
         Debug\Disco.obj
         Debug\DiscoParcial.obj
         Debug\Escena.obj
         Debug\Esfera.obj
         Debug\main.obj
         Debug\Malla.obj
         Debug\ObjetoCompuesto.obj
         Debug\ObjetoCuadrico.obj
         Debug\PuntoVector3D.obj
         Debug\Quadtree.obj
         Debug\QuadtreeNode.obj
         Debug\TAfin.obj
         Debug\VerticeNormal.obj
         freeglut project 3D.vcxproj -> D:\3VIDEOJUEGOS\IG2\ig2\Esqueleto 3D (2013) con FreeGLUT\Debug\freeglut project 3D.exe
     1>Compilación del proyecto terminada "D:\3VIDEOJUEGOS\IG2\ig2\Esqueleto 3D (2013) con FreeGLUT\freeglut project 3D\freeglut project 3D.vcxproj" (Build destinos).

Compilación correcta.

Tiempo transcurrido 00:00:01.62
