c:\hlocal\ig2\esqueleto 3d (2013) con freeglut\freeglut project 3d\debug\vc120.pdb
c:\hlocal\ig2\esqueleto 3d (2013) con freeglut\freeglut project 3d\debug\vc120.idb
c:\hlocal\ig2\esqueleto 3d (2013) con freeglut\freeglut project 3d\debug\arbol.obj
c:\hlocal\ig2\esqueleto 3d (2013) con freeglut\freeglut project 3d\debug\cara.obj
c:\hlocal\ig2\esqueleto 3d (2013) con freeglut\freeglut project 3d\debug\cilindro.obj
c:\hlocal\ig2\esqueleto 3d (2013) con freeglut\freeglut project 3d\debug\coche.obj
c:\hlocal\ig2\esqueleto 3d (2013) con freeglut\freeglut project 3d\debug\copa.obj
c:\hlocal\ig2\esqueleto 3d (2013) con freeglut\freeglut project 3d\debug\cubo.obj
c:\hlocal\ig2\esqueleto 3d (2013) con freeglut\freeglut project 3d\debug\disco.obj
c:\hlocal\ig2\esqueleto 3d (2013) con freeglut\freeglut project 3d\debug\discoparcial.obj
c:\hlocal\ig2\esqueleto 3d (2013) con freeglut\freeglut project 3d\debug\escena.obj
c:\hlocal\ig2\esqueleto 3d (2013) con freeglut\freeglut project 3d\debug\esfera.obj
c:\hlocal\ig2\esqueleto 3d (2013) con freeglut\freeglut project 3d\debug\main.obj
c:\hlocal\ig2\esqueleto 3d (2013) con freeglut\freeglut project 3d\debug\malla.obj
c:\hlocal\ig2\esqueleto 3d (2013) con freeglut\freeglut project 3d\debug\objetocompuesto.obj
c:\hlocal\ig2\esqueleto 3d (2013) con freeglut\freeglut project 3d\debug\objetocuadrico.obj
c:\hlocal\ig2\esqueleto 3d (2013) con freeglut\freeglut project 3d\debug\puntovector3d.obj
c:\hlocal\ig2\esqueleto 3d (2013) con freeglut\freeglut project 3d\debug\quadtree.obj
c:\hlocal\ig2\esqueleto 3d (2013) con freeglut\freeglut project 3d\debug\quadtreenode.obj
c:\hlocal\ig2\esqueleto 3d (2013) con freeglut\freeglut project 3d\debug\tafin.obj
c:\hlocal\ig2\esqueleto 3d (2013) con freeglut\freeglut project 3d\debug\verticenormal.obj
c:\hlocal\ig2\esqueleto 3d (2013) con freeglut\debug\freeglut project 3d.ilk
c:\hlocal\ig2\esqueleto 3d (2013) con freeglut\debug\freeglut project 3d.exe
c:\hlocal\ig2\esqueleto 3d (2013) con freeglut\debug\freeglut project 3d.pdb
c:\hlocal\ig2\esqueleto 3d (2013) con freeglut\freeglut project 3d\debug\freeglut.7b0bffd4.tlog\cl.command.1.tlog
c:\hlocal\ig2\esqueleto 3d (2013) con freeglut\freeglut project 3d\debug\freeglut.7b0bffd4.tlog\cl.read.1.tlog
c:\hlocal\ig2\esqueleto 3d (2013) con freeglut\freeglut project 3d\debug\freeglut.7b0bffd4.tlog\cl.write.1.tlog
c:\hlocal\ig2\esqueleto 3d (2013) con freeglut\freeglut project 3d\debug\freeglut.7b0bffd4.tlog\link.command.1.tlog
c:\hlocal\ig2\esqueleto 3d (2013) con freeglut\freeglut project 3d\debug\freeglut.7b0bffd4.tlog\link.read.1.tlog
c:\hlocal\ig2\esqueleto 3d (2013) con freeglut\freeglut project 3d\debug\freeglut.7b0bffd4.tlog\link.write.1.tlog
