d:\informatica grafica\practica2 ig\ig2\freeglut project 3d (2012)\freeglut project 3d\debug\vc120.pdb
d:\informatica grafica\practica2 ig\ig2\freeglut project 3d (2012)\freeglut project 3d\debug\vc120.idb
d:\informatica grafica\practica2 ig\ig2\freeglut project 3d (2012)\freeglut project 3d\debug\cara.obj
d:\informatica grafica\practica2 ig\ig2\freeglut project 3d (2012)\freeglut project 3d\debug\falsotetraedro.obj
d:\informatica grafica\practica2 ig\ig2\freeglut project 3d (2012)\freeglut project 3d\debug\malla.obj
d:\informatica grafica\practica2 ig\ig2\freeglut project 3d (2012)\freeglut project 3d\debug\puntovector3d.obj
d:\informatica grafica\practica2 ig\ig2\freeglut project 3d (2012)\freeglut project 3d\debug\verticenormal.obj
d:\informatica grafica\practica2 ig\ig2\freeglut project 3d (2012)\freeglut project 3d\debug\camara.obj
d:\informatica grafica\practica2 ig\ig2\freeglut project 3d (2012)\freeglut project 3d\debug\coche.obj
d:\informatica grafica\practica2 ig\ig2\freeglut project 3d (2012)\freeglut project 3d\debug\cono.obj
d:\informatica grafica\practica2 ig\ig2\freeglut project 3d (2012)\freeglut project 3d\debug\hipotrocoide.obj
d:\informatica grafica\practica2 ig\ig2\freeglut project 3d (2012)\freeglut project 3d\debug\main.obj
d:\informatica grafica\practica2 ig\ig2\freeglut project 3d (2012)\debug\freeglut project 3d.ilk
d:\informatica grafica\practica2 ig\ig2\freeglut project 3d (2012)\debug\freeglut project 3d.exe
d:\informatica grafica\practica2 ig\ig2\freeglut project 3d (2012)\debug\freeglut project 3d.pdb
d:\informatica grafica\practica2 ig\ig2\freeglut project 3d (2012)\freeglut project 3d\debug\freeglut.7b0bffd4.tlog\cl.command.1.tlog
d:\informatica grafica\practica2 ig\ig2\freeglut project 3d (2012)\freeglut project 3d\debug\freeglut.7b0bffd4.tlog\cl.read.1.tlog
d:\informatica grafica\practica2 ig\ig2\freeglut project 3d (2012)\freeglut project 3d\debug\freeglut.7b0bffd4.tlog\cl.write.1.tlog
d:\informatica grafica\practica2 ig\ig2\freeglut project 3d (2012)\freeglut project 3d\debug\freeglut.7b0bffd4.tlog\link.command.1.tlog
d:\informatica grafica\practica2 ig\ig2\freeglut project 3d (2012)\freeglut project 3d\debug\freeglut.7b0bffd4.tlog\link.read.1.tlog
d:\informatica grafica\practica2 ig\ig2\freeglut project 3d (2012)\freeglut project 3d\debug\freeglut.7b0bffd4.tlog\link.write.1.tlog
