Compilación iniciada a las 17/09/2018 13:27:56.
     1>Proyecto "D:\GITHUB\IG\Informatica-Grafica-Graphic-Computing-\Hola\Hola.vcxproj" en el nodo 2 (Build destinos).
     1>ClCompile:
         C:\Program Files (x86)\Microsoft Visual Studio 12.0\VC\bin\CL.exe /c /ZI /nologo /W3 /WX- /sdl /Od /Oy- /D _MBCS /Gm /EHsc /RTC1 /MDd /GS /fp:precise /Zc:wchar_t /Zc:forScope /Fo"Debug\\" /Fd"Debug\vc120.pdb" /Gd /TP /analyze- /errorReport:prompt escena.cpp main.cpp PixMap24RGB.cpp Textura.cpp tipos.cpp
         tipos.cpp
         Textura.cpp
         PixMap24RGB.cpp
     1>d:\github\ig\informatica-grafica-graphic-computing-\hola\pixmap24rgb.cpp(154): warning C4018: '<' : no coinciden signed/unsigned
     1>d:\github\ig\informatica-grafica-graphic-computing-\hola\pixmap24rgb.cpp(207): warning C4018: '<' : no coinciden signed/unsigned
     1>d:\github\ig\informatica-grafica-graphic-computing-\hola\pixmap24rgb.cpp(257): warning C4018: '<' : no coinciden signed/unsigned
     1>d:\github\ig\informatica-grafica-graphic-computing-\hola\pixmap24rgb.cpp(278): warning C4018: '<' : no coinciden signed/unsigned
         main.cpp
         escena.cpp
         Generando código...
       Link:
         C:\Program Files (x86)\Microsoft Visual Studio 12.0\VC\bin\link.exe /ERRORREPORT:PROMPT /OUT:"D:\GITHUB\IG\Informatica-Grafica-Graphic-Computing-\bin\HolaDebug.exe" /INCREMENTAL /NOLOGO freeglut.lib kernel32.lib user32.lib gdi32.lib winspool.lib comdlg32.lib advapi32.lib shell32.lib ole32.lib oleaut32.lib uuid.lib odbc32.lib odbccp32.lib /MANIFEST /MANIFESTUAC:"level='asInvoker' uiAccess='false'" /manifest:embed /DEBUG /PDB:"D:\GITHUB\IG\Informatica-Grafica-Graphic-Computing-\bin\HolaDebug.pdb" /SUBSYSTEM:CONSOLE /TLBID:1 /DYNAMICBASE /NXCOMPAT /IMPLIB:"D:\GITHUB\IG\Informatica-Grafica-Graphic-Computing-\bin\HolaDebug.lib" /MACHINE:X86 Debug\escena.obj
         Debug\main.obj
         Debug\PixMap24RGB.obj
         Debug\Textura.obj
         Debug\tipos.obj
         Hola.vcxproj -> D:\GITHUB\IG\Informatica-Grafica-Graphic-Computing-\bin\HolaDebug.exe
     1>Compilación del proyecto terminada "D:\GITHUB\IG\Informatica-Grafica-Graphic-Computing-\Hola\Hola.vcxproj" (Build destinos).

Compilación correcta.

Tiempo transcurrido 00:00:02.86
